<?xml version="1.0" encoding="utf-8"?><testsuites name="pytest tests"><testsuite name="pytest" errors="0" failures="1" skipped="0" tests="32" time="15.603" timestamp="2026-08-30T09:32:48.410974+00:00" hostname="agent-env-cc004f4c-77b4-44cb-8106-4cfd9ceafae4"><testcase classname="tests.test_backend_api.TestChannel" name="test_list_requires_auth" time="0.291" /><testcase classname="tests.test_backend_api.TestSignup" name="test_signup_password_too_short" time="0.359" /><testcase classname="tests.test_backend_api.TestSignup" name="test_signup_invalid_email" time="0.450" /><testcase classname="tests.test_backend_api.TestSignup" name="test_signup_empty_name" time="0.056" /><testcase classname="tests.test_backend_api.TestSignup" name="test_signup_creates_pending_and_verify_creates_user" time="1.248" /><testcase classname="tests.test_backend_api.TestChannel" name="test_create_and_list_post" time="2.351" /><testcase classname="tests.test_backend_api.TestChannel" name="test_empty_post_rejected" time="0.046" /><testcase classname="tests.test_backend_api.TestSignup" name="test_signup_duplicate_existing_user_409" time="1.890" /><testcase classname="tests.test_backend_api.TestChannel" name="test_like_toggle" time="1.366" /><testcase classname="tests.test_backend_api.TestSignup" name="test_verify_signup_wrong_code_and_attempt_lockout" time="2.688" /><testcase classname="tests.test_backend_api.TestChannel" name="test_comments_flow" time="0.604" /><testcase classname="tests.test_backend_api.TestMeProfile" name="test_me_requires_auth" time="0.056" /><testcase classname="tests.test_backend_api.TestMeProfile" name="test_me_bad_token" time="0.044" /><testcase classname="tests.test_backend_api.TestMeProfile" name="test_me_success" time="0.045" /><testcase classname="tests.test_backend_api.TestMeProfile" name="test_update_profile_persists" time="0.284" /><testcase classname="tests.test_backend_api.TestLogin" name="test_login_success" time="0.266" /><testcase classname="tests.test_backend_api.TestLogin" name="test_login_wrong_password_401" time="0.445" /><testcase classname="tests.test_backend_api.TestLogin" name="test_login_unknown_email_401_generic" time="0.223" /><testcase classname="tests.test_backend_api.TestNotesFromSong" name="test_requires_auth" time="0.045" /><testcase classname="tests.test_backend_api.TestNotesFromSong" name="test_from_song_returns_result" time="8.033" /><testcase classname="tests.test_backend_api.TestSignup" name="test_verify_signup_no_pending" time="0.077" /><testcase classname="tests.test_backend_api.TestChat" name="test_history_requires_auth" time="0.056" /><testcase classname="tests.test_backend_api.TestChat" name="test_send_message_persists" time="2.466" /><testcase classname="tests.test_backend_api.TestChat" name="test_empty_message_rejected" time="0.056" /><testcase classname="tests.test_backend_api.TestChat" name="test_clear_history" time="0.110" /><testcase classname="tests.test_backend_api.TestForgotReset" name="test_forgot_unknown_email_returns_200_generic" time="0.058" /><testcase classname="tests.test_backend_api.TestForgotReset" name="test_forgot_and_reset_flow" time="3.045" /><testcase classname="tests.test_backend_api.TestHealth" name="test_root" time="0.058" /><testcase classname="tests.test_backend_api.TestNotesFromSong" name="test_empty_song_rejected" time="0.047" /><testcase classname="tests.test_backend_api.TestNotesDetect" name="test_requires_auth" time="0.136" /><testcase classname="tests.test_backend_api.TestNotesDetect" name="test_detect_synthetic_a4" time="0.211"><failure message="AssertionError: {&quot;detail&quot;:&quot;Could not read the recording. Try again.&quot;}&#10;assert 400 == 200&#10; +  where 400 = &lt;Response [400]&gt;.status_code">tests/test_backend_api.py:256: in test_detect_synthetic_a4
    assert r.status_code == 200, r.text
E   AssertionError: {"detail":"Could not read the recording. Try again."}
E   assert 400 == 200
E    +  where 400 = &lt;Response [400]&gt;.status_code</failure></testcase><testcase classname="tests.test_backend_api.TestNotesDetect" name="test_detect_empty_file" time="0.162" /></testsuite></testsuites>