<?xml version="1.0" encoding="utf-8"?><testsuites name="pytest tests"><testsuite name="pytest" errors="0" failures="0" skipped="0" tests="30" time="14.669" timestamp="2026-08-24T16:38:26.093150+00:00" hostname="agent-env-cc004f4c-77b4-44cb-8106-4cfd9ceafae4"><testcase classname="tests.test_backend_api.TestHealth" name="test_root" time="0.266" /><testcase classname="tests.test_backend_api.TestAuth" name="test_request_otp_valid_email" time="0.552" /><testcase classname="tests.test_backend_api.TestAuth" name="test_request_otp_invalid_email" time="0.067" /><testcase classname="tests.test_backend_api.TestAuth" name="test_verify_otp_no_request" time="0.101" /><testcase classname="tests.test_backend_api.TestAuth" name="test_verify_otp_wrong_code" time="0.554" /><testcase classname="tests.test_backend_api.TestAuth" name="test_verify_otp_success_returns_token_and_user" time="0.517" /><testcase classname="tests.test_backend_api.TestAuth" name="test_me_requires_auth" time="0.077" /><testcase classname="tests.test_backend_api.TestAuth" name="test_me_with_bad_token" time="0.077" /><testcase classname="tests.test_backend_api.TestAuth" name="test_me_success" time="0.103" /><testcase classname="tests.test_backend_api.TestAuth" name="test_update_profile" time="0.147" /><testcase classname="tests.test_backend_api.TestChat" name="test_history_requires_auth" time="0.072" /><testcase classname="tests.test_backend_api.TestChat" name="test_history_empty" time="0.153" /><testcase classname="tests.test_backend_api.TestChat" name="test_send_message_and_persist" time="1.462" /><testcase classname="tests.test_backend_api.TestChat" name="test_empty_message_rejected" time="0.066" /><testcase classname="tests.test_backend_api.TestChat" name="test_clear_history" time="0.135" /><testcase classname="tests.test_backend_api.TestNotesFromSong" name="test_requires_auth" time="0.074" /><testcase classname="tests.test_backend_api.TestNotesFromSong" name="test_from_song_returns_result" time="6.657" /><testcase classname="tests.test_backend_api.TestNotesFromSong" name="test_empty_song_rejected" time="0.122" /><testcase classname="tests.test_backend_api.TestNotesDetect" name="test_requires_auth" time="0.206" /><testcase classname="tests.test_backend_api.TestNotesDetect" name="test_detect_synthetic_a4" time="0.425" /><testcase classname="tests.test_backend_api.TestNotesDetect" name="test_detect_too_short" time="0.299" /><testcase classname="tests.test_backend_api.TestNotesDetect" name="test_detect_empty_file" time="0.144" /><testcase classname="tests.test_backend_api.TestChannel" name="test_list_requires_auth" time="0.109" /><testcase classname="tests.test_backend_api.TestChannel" name="test_create_and_list_post" time="0.260" /><testcase classname="tests.test_backend_api.TestChannel" name="test_empty_post_rejected" time="0.123" /><testcase classname="tests.test_backend_api.TestChannel" name="test_like_toggle" time="0.901" /><testcase classname="tests.test_backend_api.TestChannel" name="test_like_invalid_post" time="0.203" /><testcase classname="tests.test_backend_api.TestChannel" name="test_comments_flow" time="0.412" /><testcase classname="tests.test_backend_api.TestChannel" name="test_comment_empty_rejected" time="0.221" /><testcase classname="tests.test_backend_api.TestChannel" name="test_comment_invalid_post" time="0.104" /></testsuite></testsuites>