<?xml version="1.0" encoding="utf-8"?><testsuites name="pytest tests"><testsuite name="pytest" errors="0" failures="0" skipped="0" tests="5" time="16.300" timestamp="2026-08-30T09:55:58.063707+00:00" hostname="agent-env-cc004f4c-77b4-44cb-8106-4cfd9ceafae4"><testcase classname="tests.test_lyrics_and_format.TestChatLyrics" name="test_lyrics_imagine_by_john_lennon" time="4.664" /><testcase classname="tests.test_lyrics_and_format.TestNotesFormatting" name="test_notes_no_horizontal_rules" time="6.660" /><testcase classname="tests.test_lyrics_and_format.TestChatLyrics" name="test_lyrics_no_artist_shape_of_you" time="3.918" /><testcase classname="tests.test_lyrics_and_format.TestChatLyrics" name="test_lyrics_unknown_song_graceful" time="5.320" /><testcase classname="tests.test_lyrics_and_format.TestChatLyrics" name="test_normal_chat_still_works" time="1.504" /></testsuite></testsuites>