<?xml version="1.0" encoding="utf-8"?><testsuites name="pytest tests"><testsuite name="pytest" errors="0" failures="0" skipped="0" tests="32" time="12.676" timestamp="2026-08-30T09:56:18.382034+00:00" hostname="agent-env-cc004f4c-77b4-44cb-8106-4cfd9ceafae4"><testcase classname="tests.test_backend_api.TestChannel" name="test_list_requires_auth" time="0.160" /><testcase classname="tests.test_backend_api.TestSignup" name="test_signup_password_too_short" time="0.173" /><testcase classname="tests.test_backend_api.TestSignup" name="test_signup_invalid_email" time="0.478" /><testcase classname="tests.test_backend_api.TestSignup" name="test_signup_empty_name" time="0.041" /><testcase classname="tests.test_backend_api.TestSignup" name="test_signup_creates_pending_and_verify_creates_user" time="1.270" /><testcase classname="tests.test_backend_api.TestChannel" name="test_create_and_list_post" time="2.360" /><testcase classname="tests.test_backend_api.TestChannel" name="test_empty_post_rejected" time="0.042" /><testcase classname="tests.test_backend_api.TestSignup" name="test_signup_duplicate_existing_user_409" time="1.843" /><testcase classname="tests.test_backend_api.TestChannel" name="test_like_toggle" time="1.793" /><testcase classname="tests.test_backend_api.TestSignup" name="test_verify_signup_wrong_code_and_attempt_lockout" time="2.601" /><testcase classname="tests.test_backend_api.TestChannel" name="test_comments_flow" time="0.166" /><testcase classname="tests.test_backend_api.TestMeProfile" name="test_me_requires_auth" time="0.041" /><testcase classname="tests.test_backend_api.TestMeProfile" name="test_me_bad_token" time="0.038" /><testcase classname="tests.test_backend_api.TestMeProfile" name="test_me_success" time="0.261" /><testcase classname="tests.test_backend_api.TestMeProfile" name="test_update_profile_persists" time="0.308" /><testcase classname="tests.test_backend_api.TestLogin" name="test_login_success" time="0.484" /><testcase classname="tests.test_backend_api.TestLogin" name="test_login_wrong_password_401" time="0.445" /><testcase classname="tests.test_backend_api.TestLogin" name="test_login_unknown_email_401_generic" time="0.223" /><testcase classname="tests.test_backend_api.TestNotesFromSong" name="test_requires_auth" time="0.040" /><testcase classname="tests.test_backend_api.TestNotesFromSong" name="test_from_song_returns_result" time="4.649" /><testcase classname="tests.test_backend_api.TestSignup" name="test_verify_signup_no_pending" time="0.039" /><testcase classname="tests.test_backend_api.TestChat" name="test_history_requires_auth" time="0.037" /><testcase classname="tests.test_backend_api.TestChat" name="test_send_message_persists" time="1.223" /><testcase classname="tests.test_backend_api.TestChat" name="test_empty_message_rejected" time="0.038" /><testcase classname="tests.test_backend_api.TestChat" name="test_clear_history" time="0.120" /><testcase classname="tests.test_backend_api.TestForgotReset" name="test_forgot_unknown_email_returns_200_generic" time="0.081" /><testcase classname="tests.test_backend_api.TestForgotReset" name="test_forgot_and_reset_flow" time="2.955" /><testcase classname="tests.test_backend_api.TestHealth" name="test_root" time="0.041" /><testcase classname="tests.test_backend_api.TestNotesFromSong" name="test_empty_song_rejected" time="0.079" /><testcase classname="tests.test_backend_api.TestNotesDetect" name="test_requires_auth" time="0.157" /><testcase classname="tests.test_backend_api.TestNotesDetect" name="test_detect_synthetic_a4" time="0.321" /><testcase classname="tests.test_backend_api.TestNotesDetect" name="test_detect_empty_file" time="0.183" /></testsuite></testsuites>